2025-08-16 15:50:13 [ERROR]: Invalid webhook payload | {"errors":["Missing submission ID"],"body":{}}
2025-08-16 15:50:41 [ERROR]: Invalid webhook payload | {"errors":["Missing submission ID"],"body":{}}
2025-08-16 15:51:03 [ERROR]: Invalid webhook payload | {"errors":["Missing submission ID"],"body":{}}
2025-08-16 15:59:54 [ERROR]: Jotform API response error Request failed with status code 404 | {"status":404,"url":"/form/your_form_id_here","data":{"responseCode":404,"message":"Requested URL (/form/your_form_id_here) is not available!","content":"","duration":"29.48ms","info":"https://api.jotform.com/docs"}}
2025-08-16 15:59:54 [ERROR]: Failed to get form from Jotform | {"formId":"your_form_id_here","error":"Request failed with status code 404"}
AxiosError: Request failed with status code 404
    at settle (/Users/trantuanhuy/api/jotform-bitrix24-integration/node_modules/axios/dist/node/axios.cjs:2090:12)
    at Unzip.handleStreamEnd (/Users/trantuanhuy/api/jotform-bitrix24-integration/node_modules/axios/dist/node/axios.cjs:3207:11)
    at Unzip.emit (node:events:519:35)
    at endReadableNT (node:internal/streams/readable:1696:12)
    at process.processTicksAndRejections (node:internal/process/task_queues:90:21)
    at Axios.request (/Users/trantuanhuy/api/jotform-bitrix24-integration/node_modules/axios/dist/node/axios.cjs:4317:41)
    at process.processTicksAndRejections (node:internal/process/task_queues:105:5)
    at async JotformService.getForm (/Users/trantuanhuy/api/jotform-bitrix24-integration/src/services/jotformService.js:67:24)
    at async JotformService.validateConnection (/Users/trantuanhuy/api/jotform-bitrix24-integration/src/services/jotformService.js:244:22)
    at async Server.validateConfiguration (/Users/trantuanhuy/api/jotform-bitrix24-integration/src/server.js:220:29)
    at async Server.start (/Users/trantuanhuy/api/jotform-bitrix24-integration/src/server.js:158:7)
2025-08-16 15:59:54 [ERROR]: Bitrix24 API response error Invalid URL | {}
2025-08-16 15:59:54 [ERROR]: Bitrix24 connection validation failed | {"error":"Invalid URL"}
2025-08-16 16:00:45 [ERROR]: Invalid webhook payload | {"errors":["Missing submission ID"],"webhookData":{"slug":"submit/252271255656055","jsExecutionTracker":"build-date-1755334321381=>init-started:1755334321593=>validator-called:1755334321595=>validator-mounted-false:1755334321595=>init-complete:1755334321596=>interval-complete:1755334342333=>onsubmit-fired:1755334843524=>observerSubmitHandler_received-submit-event:1755334843529=>submit-validation-passed:1755334843534=>observerSubmitHandler_validation-passed-submitting-form:1755334843538","submitSource":"form","submitDate":"1755334843538","buildDate":"1755334321381","uploadServerUrl":"https://upload.jotform.com/upload","eventObserver":"1","q3_name":{"first":"Trần","last":"Huy"},"q4_phoneNumber":{"full":"(097) 828-1697"},"q5_email":"tuanhuy227@gmail.com","event_id":"1755334321593_252271255656055_gTAshkM","timeToSubmit":"20","validatedNewRequiredFieldIDs":"{\"new\":1,\"id_3\":\"Hu\",\"id_4\":\"(0\",\"id_5\":\"tu\"}","path":"/submit/252271255656055"}}
2025-08-16 16:10:53 [ERROR]: Jotform API response error Request failed with status code 404 | {"status":404,"url":"/form/your_form_id_here","data":{"responseCode":404,"message":"Requested URL (/form/your_form_id_here) is not available!","content":"","duration":"29.60ms","info":"https://api.jotform.com/docs"}}
2025-08-16 16:10:53 [ERROR]: Failed to get form from Jotform | {"formId":"your_form_id_here","error":"Request failed with status code 404"}
AxiosError: Request failed with status code 404
    at settle (/Users/trantuanhuy/api/jotform-bitrix24-integration/node_modules/axios/dist/node/axios.cjs:2090:12)
    at Unzip.handleStreamEnd (/Users/trantuanhuy/api/jotform-bitrix24-integration/node_modules/axios/dist/node/axios.cjs:3207:11)
    at Unzip.emit (node:events:519:35)
    at endReadableNT (node:internal/streams/readable:1696:12)
    at process.processTicksAndRejections (node:internal/process/task_queues:90:21)
    at Axios.request (/Users/trantuanhuy/api/jotform-bitrix24-integration/node_modules/axios/dist/node/axios.cjs:4317:41)
    at process.processTicksAndRejections (node:internal/process/task_queues:105:5)
    at async JotformService.getForm (/Users/trantuanhuy/api/jotform-bitrix24-integration/src/services/jotformService.js:67:24)
    at async JotformService.validateConnection (/Users/trantuanhuy/api/jotform-bitrix24-integration/src/services/jotformService.js:244:22)
    at async Server.validateConfiguration (/Users/trantuanhuy/api/jotform-bitrix24-integration/src/server.js:220:29)
    at async Server.start (/Users/trantuanhuy/api/jotform-bitrix24-integration/src/server.js:158:7)
2025-08-16 16:50:25 [ERROR]: Webhook processing error | {"error":"createLead is not a function","duration":3}
TypeError: createLead is not a function
    at /Users/trantuanhuy/api/jotform-bitrix24-integration/src/routes/webhook.js:107:26
    at Layer.handle [as handle_request] (/Users/trantuanhuy/api/jotform-bitrix24-integration/node_modules/express/lib/router/layer.js:95:5)
    at next (/Users/trantuanhuy/api/jotform-bitrix24-integration/node_modules/express/lib/router/route.js:149:13)
    at done (/Users/trantuanhuy/api/jotform-bitrix24-integration/node_modules/multer/lib/make-middleware.js:59:7)
    at indicateDone (/Users/trantuanhuy/api/jotform-bitrix24-integration/node_modules/multer/lib/make-middleware.js:63:68)
    at Multipart.<anonymous> (/Users/trantuanhuy/api/jotform-bitrix24-integration/node_modules/multer/lib/make-middleware.js:187:7)
    at Multipart.emit (node:events:507:28)
    at emitCloseNT (node:internal/streams/destroy:148:10)
    at process.processTicksAndRejections (node:internal/process/task_queues:89:21)
2025-08-16 16:52:17 [ERROR]: Bitrix24 API call failed | {"method":"crm.lead.add","error":"No access token available. Please authorize first."}
2025-08-16 16:52:17 [ERROR]: Legacy webhook lead creation failed | {"error":"Request failed with status code 401","submissionId":"6311471362517612532"}
2025-08-16 16:52:17 [ERROR]: Failed to create lead in Bitrix24 | {"error":"Request failed with status code 401","submissionId":"6311471362517612532"}
2025-08-16 16:52:17 [ERROR]: Failed to create lead | {"submissionId":"6311471362517612532","error":"Request failed with status code 401","duration":483}
2025-08-16 16:53:11 [ERROR]: Bitrix24 API call failed | {"method":"crm.lead.add","error":"No access token available. Please authorize first."}
2025-08-16 16:53:12 [ERROR]: Legacy webhook lead creation failed | {"error":"Request failed with status code 401","submissionId":"6311471902515653162"}
2025-08-16 16:53:12 [ERROR]: Failed to create lead in Bitrix24 | {"error":"Request failed with status code 401","submissionId":"6311471902515653162"}
2025-08-16 16:53:12 [ERROR]: Failed to create lead | {"submissionId":"6311471902515653162","error":"Request failed with status code 401","duration":655}
2025-08-16 16:59:39 [ERROR]: Bitrix24 API call failed | {"method":"crm.lead.add","error":"No access token available. Please authorize first."}
2025-08-16 16:59:39 [ERROR]: Legacy webhook lead creation failed | {"error":"Request failed with status code 401","submissionId":"6311475782516659598"}
2025-08-16 16:59:39 [ERROR]: Failed to create lead in Bitrix24 | {"error":"Request failed with status code 401","submissionId":"6311475782516659598"}
2025-08-16 16:59:39 [ERROR]: Failed to create lead | {"submissionId":"6311475782516659598","error":"Request failed with status code 401","duration":517}
2025-08-16 17:09:13 [ERROR]: Bitrix24 API call failed | {"method":"crm.lead.add","error":"No access token available. Please authorize first."}
2025-08-16 17:09:13 [ERROR]: Legacy webhook lead creation failed | {"error":"Request failed with status code 401","submissionId":"6311481512519164215"}
2025-08-16 17:09:13 [ERROR]: Failed to create lead in Bitrix24 | {"error":"Request failed with status code 401","submissionId":"6311481512519164215"}
2025-08-16 17:09:13 [ERROR]: Failed to create lead | {"submissionId":"6311481512519164215","error":"Request failed with status code 401","duration":452}
2025-08-16 17:24:14 [ERROR]: Bitrix24 API call failed | {"method":"crm.lead.add","error":"No access token available. Please authorize first."}
2025-08-16 17:24:14 [ERROR]: Legacy webhook lead creation failed | {"error":"Request failed with status code 401","submissionId":"6311490532514208386"}
2025-08-16 17:24:14 [ERROR]: Failed to create lead in Bitrix24 | {"error":"Request failed with status code 401","submissionId":"6311490532514208386"}
2025-08-16 17:24:14 [ERROR]: Failed to create lead | {"submissionId":"6311490532514208386","error":"Request failed with status code 401","duration":505}
2025-08-16 17:32:55 [ERROR]: Bitrix24 API call failed | {"method":"crm.lead.add","error":"No access token available. Please authorize first."}
2025-08-16 17:32:55 [ERROR]: Legacy webhook lead creation failed | {"error":"Request failed with status code 401","submissionId":"6311495732511069300"}
2025-08-16 17:32:55 [ERROR]: Failed to create lead in Bitrix24 | {"error":"Request failed with status code 401","submissionId":"6311495732511069300"}
2025-08-16 17:32:55 [ERROR]: Failed to create lead | {"submissionId":"6311495732511069300","error":"Request failed with status code 401","duration":532}
2025-08-17 12:26:10 [ERROR]: Bitrix24 API call failed | {"method":"crm.lead.add","error":"No access token available. Please authorize first."}
2025-08-17 12:26:10 [ERROR]: Legacy webhook lead creation failed | {"error":"Request failed with status code 401","submissionId":"6312175687216518628"}
2025-08-17 12:26:10 [ERROR]: Failed to create lead in Bitrix24 | {"error":"Request failed with status code 401","submissionId":"6312175687216518628"}
2025-08-17 12:26:10 [ERROR]: Failed to create lead | {"submissionId":"6312175687216518628","error":"Request failed with status code 401","duration":529}
2025-08-17 12:32:10 [ERROR]: Bitrix24 API call failed | {"method":"crm.lead.add","error":"No access token available. Please authorize first."}
2025-08-17 12:32:11 [ERROR]: Legacy webhook lead creation failed | {"error":"Request failed with status code 401","submissionId":"6312179307217745782"}
2025-08-17 12:32:11 [ERROR]: Failed to create lead in Bitrix24 | {"error":"Request failed with status code 401","submissionId":"6312179307217745782"}
2025-08-17 12:32:11 [ERROR]: Failed to create lead | {"submissionId":"6312179307217745782","error":"Request failed with status code 401","duration":484}
2025-08-17 15:28:05 [ERROR]: Bitrix24 API call failed | {"method":"crm.lead.add","error":"No access token available. Please authorize first."}
2025-08-17 15:28:05 [ERROR]: Legacy webhook lead creation failed | {"error":"Request failed with status code 401","submissionId":"6312284847217533039"}
2025-08-17 15:28:05 [ERROR]: Failed to create lead in Bitrix24 | {"error":"Request failed with status code 401","submissionId":"6312284847217533039"}
2025-08-17 15:28:05 [ERROR]: Failed to create lead | {"submissionId":"6312284847217533039","error":"Request failed with status code 401","duration":547}
2025-08-17 15:29:47 [ERROR]: Bitrix24 API call failed | {"method":"crm.lead.add","error":"No access token available. Please authorize first."}
2025-08-17 15:29:47 [ERROR]: Legacy webhook lead creation failed | {"error":"Request failed with status code 401","submissionId":"6312285867215409953"}
2025-08-17 15:29:47 [ERROR]: Failed to create lead in Bitrix24 | {"error":"Request failed with status code 401","submissionId":"6312285867215409953"}
2025-08-17 15:29:47 [ERROR]: Failed to create lead | {"submissionId":"6312285867215409953","error":"Request failed with status code 401","duration":490}
2025-08-22 09:34:53 [ERROR]: App installation error | {"error":"bitrix24Service.processInstallationAuth is not a function","query":{"DOMAIN":"b24-7woulk.bitrix24.vn","PROTOCOL":"1","LANG":"vn","APP_SID":"e68093335dead8880d315c4a19b9ba63"},"body":{"AUTH_ID":"5de5a768007b68e5007b3dd100000001403807c1e293d8b6e18a6b30812e307fd064f8","AUTH_EXPIRES":"3600","REFRESH_ID":"4d64cf68007b68e5007b3dd10000000140380776a2a47e716aecc8c3722d57967cbd07","member_id":"78d52900632fa1e9acbd6c03fe41e332","status":"L","PLACEMENT":"DEFAULT","PLACEMENT_OPTIONS":"{\"IFRAME\":\"Y\",\"IFRAME_TYPE\":\"SIDE_SLIDER\",\"any\":\"25\\/\"}"}}
TypeError: bitrix24Service.processInstallationAuth is not a function
    at /Users/tuanhuytran/jotform-bitrix24-integration/src/routes/install.js:119:38
    at Layer.handle [as handle_request] (/Users/tuanhuytran/jotform-bitrix24-integration/node_modules/express/lib/router/layer.js:95:5)
    at next (/Users/tuanhuytran/jotform-bitrix24-integration/node_modules/express/lib/router/route.js:149:13)
    at Route.dispatch (/Users/tuanhuytran/jotform-bitrix24-integration/node_modules/express/lib/router/route.js:119:3)
    at Layer.handle [as handle_request] (/Users/tuanhuytran/jotform-bitrix24-integration/node_modules/express/lib/router/layer.js:95:5)
    at /Users/tuanhuytran/jotform-bitrix24-integration/node_modules/express/lib/router/index.js:284:15
    at Function.process_params (/Users/tuanhuytran/jotform-bitrix24-integration/node_modules/express/lib/router/index.js:346:12)
    at next (/Users/tuanhuytran/jotform-bitrix24-integration/node_modules/express/lib/router/index.js:280:10)
    at Function.handle (/Users/tuanhuytran/jotform-bitrix24-integration/node_modules/express/lib/router/index.js:175:3)
    at router (/Users/tuanhuytran/jotform-bitrix24-integration/node_modules/express/lib/router/index.js:47:12)
2025-08-22 09:39:42 [ERROR]: App installation error | {"error":"bitrix24Service.processInstallationAuth is not a function","query":{"DOMAIN":"b24-7woulk.bitrix24.vn","PROTOCOL":"1","LANG":"vn","APP_SID":"ef1650bae9c58382206b0167908e8955"},"body":{"AUTH_ID":"7ee6a768007b68e5007b3dd100000001403807cbba7ddce02ef55872c6ea505251a39f","AUTH_EXPIRES":"3600","REFRESH_ID":"6e65cf68007b68e5007b3dd1000000014038079ee01a19b78a830effd2ef6632f69a45","member_id":"78d52900632fa1e9acbd6c03fe41e332","status":"L","PLACEMENT":"DEFAULT","PLACEMENT_OPTIONS":"{\"IFRAME\":\"Y\",\"IFRAME_TYPE\":\"SIDE_SLIDER\",\"any\":\"25\\/\"}"}}
TypeError: bitrix24Service.processInstallationAuth is not a function
    at /Users/tuanhuytran/jotform-bitrix24-integration/src/routes/install.js:119:38
    at Layer.handle [as handle_request] (/Users/tuanhuytran/jotform-bitrix24-integration/node_modules/express/lib/router/layer.js:95:5)
    at next (/Users/tuanhuytran/jotform-bitrix24-integration/node_modules/express/lib/router/route.js:149:13)
    at Route.dispatch (/Users/tuanhuytran/jotform-bitrix24-integration/node_modules/express/lib/router/route.js:119:3)
    at Layer.handle [as handle_request] (/Users/tuanhuytran/jotform-bitrix24-integration/node_modules/express/lib/router/layer.js:95:5)
    at /Users/tuanhuytran/jotform-bitrix24-integration/node_modules/express/lib/router/index.js:284:15
    at Function.process_params (/Users/tuanhuytran/jotform-bitrix24-integration/node_modules/express/lib/router/index.js:346:12)
    at next (/Users/tuanhuytran/jotform-bitrix24-integration/node_modules/express/lib/router/index.js:280:10)
    at Function.handle (/Users/tuanhuytran/jotform-bitrix24-integration/node_modules/express/lib/router/index.js:175:3)
    at router (/Users/tuanhuytran/jotform-bitrix24-integration/node_modules/express/lib/router/index.js:47:12)
2025-08-22 10:56:24 [ERROR]: HTTP Response Error Request failed with status code 401 | {"status":401,"url":"https://b24-7woulk.bitrix24.vn/rest/78d52900632fa1e9acbd6c03fe41e332/A9JsDdpo3L1nCpCKdqzSAOa82jZjvcQ2IpJ4y0edvrXumZTPw4/crm.lead.add","data":{"error":"INVALID_CREDENTIALS","error_description":"Invalid request credentials"}}
2025-08-22 10:56:24 [ERROR]: POST request failed | {"url":"https://b24-7woulk.bitrix24.vn/rest/78d52900632fa1e9acbd6c03fe41e332/A9JsDdpo3L1nCpCKdqzSAOa82jZjvcQ2IpJ4y0edvrXumZTPw4/crm.lead.add","error":"Request failed with status code 401"}
2025-08-22 10:56:24 [ERROR]: ❌ Simplified auth API call failed | {"method":"crm.lead.add","error":"Request failed with status code 401","response":{"error":"INVALID_CREDENTIALS","error_description":"Invalid request credentials"}}
2025-08-22 10:56:24 [ERROR]: ❌ Bitrix24 API call failed (attempt 1) | {"method":"crm.lead.add","error":"Request failed with status code 401","response":{"error":"INVALID_CREDENTIALS","error_description":"Invalid request credentials"},"status":401}
2025-08-22 10:56:24 [ERROR]: Error creating Bitrix24 lead | {"error":"Bitrix24 API call failed: Request failed with status code 401","submissionId":"6316441824346810568"}
2025-08-22 10:56:24 [ERROR]: Failed to create lead | {"submissionId":"6316441824346810568","error":"Bitrix24 API call failed: Request failed with status code 401","duration":784}
2025-08-22 11:17:06 [ERROR]: HTTP Response Error Request failed with status code 404 | {"status":404,"url":"https://b24-7woulk.bitrix24.vn/rest/31fda768007b692f007b3dd100000001403807d847ae256e0682f200615f791bfc5325/crm.lead.add","data":{"error":"ERROR_METHOD_NOT_FOUND","error_description":"Method not found!"}}
2025-08-22 11:17:06 [ERROR]: POST request failed | {"url":"https://b24-7woulk.bitrix24.vn/rest/31fda768007b692f007b3dd100000001403807d847ae256e0682f200615f791bfc5325/crm.lead.add","error":"Request failed with status code 404"}
2025-08-22 11:17:06 [ERROR]: ❌ Simplified auth API call failed | {"method":"crm.lead.add","error":"Request failed with status code 404","response":{"error":"ERROR_METHOD_NOT_FOUND","error_description":"Method not found!"}}
2025-08-22 11:17:06 [ERROR]: ❌ Bitrix24 API call failed (attempt 1) | {"method":"crm.lead.add","error":"Request failed with status code 404","response":{"error":"ERROR_METHOD_NOT_FOUND","error_description":"Method not found!"},"status":404}
2025-08-22 11:17:06 [ERROR]: Error creating Bitrix24 lead | {"error":"Bitrix24 API call failed: Request failed with status code 404","submissionId":"6316454245029029858"}
2025-08-22 11:17:06 [ERROR]: Failed to create lead | {"submissionId":"6316454245029029858","error":"Bitrix24 API call failed: Request failed with status code 404","duration":718}
2025-08-22 11:20:20 [ERROR]: Test webhook error | {"error":"Cannot read properties of undefined (reading 'createLead')"}
2025-08-22 11:20:52 [ERROR]: HTTP Response Error Request failed with status code 404 | {"status":404,"url":"https://b24-7woulk.bitrix24.vn/rest/31fda768007b692f007b3dd100000001403807d847ae256e0682f200615f791bfc5325/user.current","data":{"error":"ERROR_METHOD_NOT_FOUND","error_description":"Method not found!"}}
2025-08-22 11:20:52 [ERROR]: POST request failed | {"url":"https://b24-7woulk.bitrix24.vn/rest/31fda768007b692f007b3dd100000001403807d847ae256e0682f200615f791bfc5325/user.current","error":"Request failed with status code 404"}
2025-08-22 11:20:52 [ERROR]: ❌ Simplified auth API call failed | {"method":"user.current","error":"Request failed with status code 404","response":{"error":"ERROR_METHOD_NOT_FOUND","error_description":"Method not found!"}}
2025-08-22 11:20:52 [ERROR]: ❌ Bitrix24 API call failed (attempt 1) | {"method":"user.current","error":"Request failed with status code 404","response":{"error":"ERROR_METHOD_NOT_FOUND","error_description":"Method not found!"},"status":404}
2025-08-22 11:20:53 [ERROR]: HTTP Response Error Request failed with status code 404 | {"status":404,"url":"https://b24-7woulk.bitrix24.vn/rest/31fda768007b692f007b3dd100000001403807d847ae256e0682f200615f791bfc5325/crm.lead.fields","data":{"error":"ERROR_METHOD_NOT_FOUND","error_description":"Method not found!"}}
2025-08-22 11:20:53 [ERROR]: POST request failed | {"url":"https://b24-7woulk.bitrix24.vn/rest/31fda768007b692f007b3dd100000001403807d847ae256e0682f200615f791bfc5325/crm.lead.fields","error":"Request failed with status code 404"}
2025-08-22 11:20:53 [ERROR]: ❌ Simplified auth API call failed | {"method":"crm.lead.fields","error":"Request failed with status code 404","response":{"error":"ERROR_METHOD_NOT_FOUND","error_description":"Method not found!"}}
2025-08-22 11:20:53 [ERROR]: ❌ Bitrix24 API call failed (attempt 1) | {"method":"crm.lead.fields","error":"Request failed with status code 404","response":{"error":"ERROR_METHOD_NOT_FOUND","error_description":"Method not found!"},"status":404}
2025-08-22 11:20:53 [ERROR]: HTTP Response Error Request failed with status code 404 | {"status":404,"url":"https://b24-7woulk.bitrix24.vn/rest/31fda768007b692f007b3dd100000001403807d847ae256e0682f200615f791bfc5325/crm.lead.add","data":{"error":"ERROR_METHOD_NOT_FOUND","error_description":"Method not found!"}}
2025-08-22 11:20:53 [ERROR]: POST request failed | {"url":"https://b24-7woulk.bitrix24.vn/rest/31fda768007b692f007b3dd100000001403807d847ae256e0682f200615f791bfc5325/crm.lead.add","error":"Request failed with status code 404"}
2025-08-22 11:20:53 [ERROR]: ❌ Simplified auth API call failed | {"method":"crm.lead.add","error":"Request failed with status code 404","response":{"error":"ERROR_METHOD_NOT_FOUND","error_description":"Method not found!"}}
2025-08-22 11:20:53 [ERROR]: ❌ Bitrix24 API call failed (attempt 1) | {"method":"crm.lead.add","error":"Request failed with status code 404","response":{"error":"ERROR_METHOD_NOT_FOUND","error_description":"Method not found!"},"status":404}
2025-08-22 11:20:53 [ERROR]: HTTP Response Error Request failed with status code 404 | {"status":404,"url":"https://b24-7woulk.bitrix24.vn/rest/31fda768007b692f007b3dd100000001403807d847ae256e0682f200615f791bfc5325/crm.contact.fields","data":{"error":"ERROR_METHOD_NOT_FOUND","error_description":"Method not found!"}}
2025-08-22 11:20:53 [ERROR]: POST request failed | {"url":"https://b24-7woulk.bitrix24.vn/rest/31fda768007b692f007b3dd100000001403807d847ae256e0682f200615f791bfc5325/crm.contact.fields","error":"Request failed with status code 404"}
2025-08-22 11:20:53 [ERROR]: ❌ Simplified auth API call failed | {"method":"crm.contact.fields","error":"Request failed with status code 404","response":{"error":"ERROR_METHOD_NOT_FOUND","error_description":"Method not found!"}}
2025-08-22 11:20:53 [ERROR]: ❌ Bitrix24 API call failed (attempt 1) | {"method":"crm.contact.fields","error":"Request failed with status code 404","response":{"error":"ERROR_METHOD_NOT_FOUND","error_description":"Method not found!"},"status":404}
2025-08-22 11:20:54 [ERROR]: HTTP Response Error Request failed with status code 404 | {"status":404,"url":"https://b24-7woulk.bitrix24.vn/rest/31fda768007b692f007b3dd100000001403807d847ae256e0682f200615f791bfc5325/crm.contact.add","data":{"error":"ERROR_METHOD_NOT_FOUND","error_description":"Method not found!"}}
2025-08-22 11:20:54 [ERROR]: POST request failed | {"url":"https://b24-7woulk.bitrix24.vn/rest/31fda768007b692f007b3dd100000001403807d847ae256e0682f200615f791bfc5325/crm.contact.add","error":"Request failed with status code 404"}
2025-08-22 11:20:54 [ERROR]: ❌ Simplified auth API call failed | {"method":"crm.contact.add","error":"Request failed with status code 404","response":{"error":"ERROR_METHOD_NOT_FOUND","error_description":"Method not found!"}}
2025-08-22 11:20:54 [ERROR]: ❌ Bitrix24 API call failed (attempt 1) | {"method":"crm.contact.add","error":"Request failed with status code 404","response":{"error":"ERROR_METHOD_NOT_FOUND","error_description":"Method not found!"},"status":404}
2025-08-22 11:21:01 [ERROR]: HTTP Response Error Request failed with status code 404 | {"status":404,"url":"https://b24-7woulk.bitrix24.vn/rest/31fda768007b692f007b3dd100000001403807d847ae256e0682f200615f791bfc5325/user.current","data":{"error":"ERROR_METHOD_NOT_FOUND","error_description":"Method not found!"}}
2025-08-22 11:21:01 [ERROR]: POST request failed | {"url":"https://b24-7woulk.bitrix24.vn/rest/31fda768007b692f007b3dd100000001403807d847ae256e0682f200615f791bfc5325/user.current","error":"Request failed with status code 404"}
2025-08-22 11:21:01 [ERROR]: ❌ Simplified auth API call failed | {"method":"user.current","error":"Request failed with status code 404","response":{"error":"ERROR_METHOD_NOT_FOUND","error_description":"Method not found!"}}
2025-08-22 11:21:01 [ERROR]: ❌ Bitrix24 API call failed (attempt 1) | {"method":"user.current","error":"Request failed with status code 404","response":{"error":"ERROR_METHOD_NOT_FOUND","error_description":"Method not found!"},"status":404}
2025-08-22 11:21:01 [ERROR]: HTTP Response Error Request failed with status code 404 | {"status":404,"url":"https://b24-7woulk.bitrix24.vn/rest/31fda768007b692f007b3dd100000001403807d847ae256e0682f200615f791bfc5325/crm.lead.fields","data":{"error":"ERROR_METHOD_NOT_FOUND","error_description":"Method not found!"}}
2025-08-22 11:21:01 [ERROR]: POST request failed | {"url":"https://b24-7woulk.bitrix24.vn/rest/31fda768007b692f007b3dd100000001403807d847ae256e0682f200615f791bfc5325/crm.lead.fields","error":"Request failed with status code 404"}
2025-08-22 11:21:01 [ERROR]: ❌ Simplified auth API call failed | {"method":"crm.lead.fields","error":"Request failed with status code 404","response":{"error":"ERROR_METHOD_NOT_FOUND","error_description":"Method not found!"}}
2025-08-22 11:21:01 [ERROR]: ❌ Bitrix24 API call failed (attempt 1) | {"method":"crm.lead.fields","error":"Request failed with status code 404","response":{"error":"ERROR_METHOD_NOT_FOUND","error_description":"Method not found!"},"status":404}
2025-08-22 11:21:01 [ERROR]: HTTP Response Error Request failed with status code 404 | {"status":404,"url":"https://b24-7woulk.bitrix24.vn/rest/31fda768007b692f007b3dd100000001403807d847ae256e0682f200615f791bfc5325/crm.lead.add","data":{"error":"ERROR_METHOD_NOT_FOUND","error_description":"Method not found!"}}
2025-08-22 11:21:01 [ERROR]: POST request failed | {"url":"https://b24-7woulk.bitrix24.vn/rest/31fda768007b692f007b3dd100000001403807d847ae256e0682f200615f791bfc5325/crm.lead.add","error":"Request failed with status code 404"}
2025-08-22 11:21:01 [ERROR]: ❌ Simplified auth API call failed | {"method":"crm.lead.add","error":"Request failed with status code 404","response":{"error":"ERROR_METHOD_NOT_FOUND","error_description":"Method not found!"}}
2025-08-22 11:21:01 [ERROR]: ❌ Bitrix24 API call failed (attempt 1) | {"method":"crm.lead.add","error":"Request failed with status code 404","response":{"error":"ERROR_METHOD_NOT_FOUND","error_description":"Method not found!"},"status":404}
2025-08-22 11:21:02 [ERROR]: HTTP Response Error Request failed with status code 404 | {"status":404,"url":"https://b24-7woulk.bitrix24.vn/rest/31fda768007b692f007b3dd100000001403807d847ae256e0682f200615f791bfc5325/crm.contact.fields","data":{"error":"ERROR_METHOD_NOT_FOUND","error_description":"Method not found!"}}
2025-08-22 11:21:02 [ERROR]: POST request failed | {"url":"https://b24-7woulk.bitrix24.vn/rest/31fda768007b692f007b3dd100000001403807d847ae256e0682f200615f791bfc5325/crm.contact.fields","error":"Request failed with status code 404"}
2025-08-22 11:21:02 [ERROR]: ❌ Simplified auth API call failed | {"method":"crm.contact.fields","error":"Request failed with status code 404","response":{"error":"ERROR_METHOD_NOT_FOUND","error_description":"Method not found!"}}
2025-08-22 11:21:02 [ERROR]: ❌ Bitrix24 API call failed (attempt 1) | {"method":"crm.contact.fields","error":"Request failed with status code 404","response":{"error":"ERROR_METHOD_NOT_FOUND","error_description":"Method not found!"},"status":404}
2025-08-22 11:21:02 [ERROR]: HTTP Response Error Request failed with status code 404 | {"status":404,"url":"https://b24-7woulk.bitrix24.vn/rest/31fda768007b692f007b3dd100000001403807d847ae256e0682f200615f791bfc5325/crm.contact.add","data":{"error":"ERROR_METHOD_NOT_FOUND","error_description":"Method not found!"}}
2025-08-22 11:21:02 [ERROR]: POST request failed | {"url":"https://b24-7woulk.bitrix24.vn/rest/31fda768007b692f007b3dd100000001403807d847ae256e0682f200615f791bfc5325/crm.contact.add","error":"Request failed with status code 404"}
2025-08-22 11:21:02 [ERROR]: ❌ Simplified auth API call failed | {"method":"crm.contact.add","error":"Request failed with status code 404","response":{"error":"ERROR_METHOD_NOT_FOUND","error_description":"Method not found!"}}
2025-08-22 11:21:02 [ERROR]: ❌ Bitrix24 API call failed (attempt 1) | {"method":"crm.contact.add","error":"Request failed with status code 404","response":{"error":"ERROR_METHOD_NOT_FOUND","error_description":"Method not found!"},"status":404}
2025-08-22 11:28:19 [ERROR]: HTTP Response Error Request failed with status code 404 | {"status":404,"url":"https://b24-7woulk.bitrix24.vn/rest/31fda768007b692f007b3dd100000001403807d847ae256e0682f200615f791bfc5325/user.current","data":{"error":"ERROR_METHOD_NOT_FOUND","error_description":"Method not found!"}}
2025-08-22 11:28:19 [ERROR]: POST request failed | {"url":"https://b24-7woulk.bitrix24.vn/rest/31fda768007b692f007b3dd100000001403807d847ae256e0682f200615f791bfc5325/user.current","error":"Request failed with status code 404"}
2025-08-22 11:28:19 [ERROR]: ❌ Simplified auth API call failed | {"method":"user.current","error":"Request failed with status code 404","response":{"error":"ERROR_METHOD_NOT_FOUND","error_description":"Method not found!"}}
2025-08-22 11:28:19 [ERROR]: ❌ Bitrix24 API call failed (attempt 1) | {"method":"user.current","error":"Request failed with status code 404","response":{"error":"ERROR_METHOD_NOT_FOUND","error_description":"Method not found!"},"status":404}
2025-08-22 11:28:19 [ERROR]: HTTP Response Error Request failed with status code 404 | {"status":404,"url":"https://b24-7woulk.bitrix24.vn/rest/31fda768007b692f007b3dd100000001403807d847ae256e0682f200615f791bfc5325/crm.lead.fields","data":{"error":"ERROR_METHOD_NOT_FOUND","error_description":"Method not found!"}}
2025-08-22 11:28:19 [ERROR]: POST request failed | {"url":"https://b24-7woulk.bitrix24.vn/rest/31fda768007b692f007b3dd100000001403807d847ae256e0682f200615f791bfc5325/crm.lead.fields","error":"Request failed with status code 404"}
2025-08-22 11:28:19 [ERROR]: ❌ Simplified auth API call failed | {"method":"crm.lead.fields","error":"Request failed with status code 404","response":{"error":"ERROR_METHOD_NOT_FOUND","error_description":"Method not found!"}}
2025-08-22 11:28:19 [ERROR]: ❌ Bitrix24 API call failed (attempt 1) | {"method":"crm.lead.fields","error":"Request failed with status code 404","response":{"error":"ERROR_METHOD_NOT_FOUND","error_description":"Method not found!"},"status":404}
2025-08-22 11:28:20 [ERROR]: HTTP Response Error Request failed with status code 404 | {"status":404,"url":"https://b24-7woulk.bitrix24.vn/rest/31fda768007b692f007b3dd100000001403807d847ae256e0682f200615f791bfc5325/crm.lead.add","data":{"error":"ERROR_METHOD_NOT_FOUND","error_description":"Method not found!"}}
2025-08-22 11:28:20 [ERROR]: POST request failed | {"url":"https://b24-7woulk.bitrix24.vn/rest/31fda768007b692f007b3dd100000001403807d847ae256e0682f200615f791bfc5325/crm.lead.add","error":"Request failed with status code 404"}
2025-08-22 11:28:20 [ERROR]: ❌ Simplified auth API call failed | {"method":"crm.lead.add","error":"Request failed with status code 404","response":{"error":"ERROR_METHOD_NOT_FOUND","error_description":"Method not found!"}}
2025-08-22 11:28:20 [ERROR]: ❌ Bitrix24 API call failed (attempt 1) | {"method":"crm.lead.add","error":"Request failed with status code 404","response":{"error":"ERROR_METHOD_NOT_FOUND","error_description":"Method not found!"},"status":404}
2025-08-22 11:28:20 [ERROR]: HTTP Response Error Request failed with status code 404 | {"status":404,"url":"https://b24-7woulk.bitrix24.vn/rest/31fda768007b692f007b3dd100000001403807d847ae256e0682f200615f791bfc5325/crm.contact.fields","data":{"error":"ERROR_METHOD_NOT_FOUND","error_description":"Method not found!"}}
2025-08-22 11:28:20 [ERROR]: POST request failed | {"url":"https://b24-7woulk.bitrix24.vn/rest/31fda768007b692f007b3dd100000001403807d847ae256e0682f200615f791bfc5325/crm.contact.fields","error":"Request failed with status code 404"}
2025-08-22 11:28:20 [ERROR]: ❌ Simplified auth API call failed | {"method":"crm.contact.fields","error":"Request failed with status code 404","response":{"error":"ERROR_METHOD_NOT_FOUND","error_description":"Method not found!"}}
2025-08-22 11:28:20 [ERROR]: ❌ Bitrix24 API call failed (attempt 1) | {"method":"crm.contact.fields","error":"Request failed with status code 404","response":{"error":"ERROR_METHOD_NOT_FOUND","error_description":"Method not found!"},"status":404}
2025-08-22 11:28:20 [ERROR]: HTTP Response Error Request failed with status code 404 | {"status":404,"url":"https://b24-7woulk.bitrix24.vn/rest/31fda768007b692f007b3dd100000001403807d847ae256e0682f200615f791bfc5325/crm.contact.add","data":{"error":"ERROR_METHOD_NOT_FOUND","error_description":"Method not found!"}}
2025-08-22 11:28:20 [ERROR]: POST request failed | {"url":"https://b24-7woulk.bitrix24.vn/rest/31fda768007b692f007b3dd100000001403807d847ae256e0682f200615f791bfc5325/crm.contact.add","error":"Request failed with status code 404"}
2025-08-22 11:28:20 [ERROR]: ❌ Simplified auth API call failed | {"method":"crm.contact.add","error":"Request failed with status code 404","response":{"error":"ERROR_METHOD_NOT_FOUND","error_description":"Method not found!"}}
2025-08-22 11:28:20 [ERROR]: ❌ Bitrix24 API call failed (attempt 1) | {"method":"crm.contact.add","error":"Request failed with status code 404","response":{"error":"ERROR_METHOD_NOT_FOUND","error_description":"Method not found!"},"status":404}
2025-08-22 11:28:20 [ERROR]: Failed to create lead | {"submissionId":"6316460970216318085","error":"No CRM methods available","duration":1902}
2025-08-22 11:30:36 [ERROR]: HTTP Response Error Request failed with status code 404 | {"status":404,"url":"https://b24-7woulk.bitrix24.vn/rest/31fda768007b692f007b3dd100000001403807d847ae256e0682f200615f791bfc5325/user.current","data":{"error":"ERROR_METHOD_NOT_FOUND","error_description":"Method not found!"}}
2025-08-22 11:30:36 [ERROR]: POST request failed | {"url":"https://b24-7woulk.bitrix24.vn/rest/31fda768007b692f007b3dd100000001403807d847ae256e0682f200615f791bfc5325/user.current","error":"Request failed with status code 404"}
2025-08-22 11:30:36 [ERROR]: ❌ Simplified auth API call failed | {"method":"user.current","error":"Request failed with status code 404","response":{"error":"ERROR_METHOD_NOT_FOUND","error_description":"Method not found!"}}
2025-08-22 11:30:36 [ERROR]: ❌ Bitrix24 API call failed (attempt 1) | {"method":"user.current","error":"Request failed with status code 404","response":{"error":"ERROR_METHOD_NOT_FOUND","error_description":"Method not found!"},"status":404}
2025-08-22 11:30:36 [ERROR]: HTTP Response Error Request failed with status code 404 | {"status":404,"url":"https://b24-7woulk.bitrix24.vn/rest/31fda768007b692f007b3dd100000001403807d847ae256e0682f200615f791bfc5325/crm.lead.fields","data":{"error":"ERROR_METHOD_NOT_FOUND","error_description":"Method not found!"}}
2025-08-22 11:30:36 [ERROR]: POST request failed | {"url":"https://b24-7woulk.bitrix24.vn/rest/31fda768007b692f007b3dd100000001403807d847ae256e0682f200615f791bfc5325/crm.lead.fields","error":"Request failed with status code 404"}
2025-08-22 11:30:36 [ERROR]: ❌ Simplified auth API call failed | {"method":"crm.lead.fields","error":"Request failed with status code 404","response":{"error":"ERROR_METHOD_NOT_FOUND","error_description":"Method not found!"}}
2025-08-22 11:30:36 [ERROR]: ❌ Bitrix24 API call failed (attempt 1) | {"method":"crm.lead.fields","error":"Request failed with status code 404","response":{"error":"ERROR_METHOD_NOT_FOUND","error_description":"Method not found!"},"status":404}
2025-08-22 11:30:37 [ERROR]: HTTP Response Error Request failed with status code 404 | {"status":404,"url":"https://b24-7woulk.bitrix24.vn/rest/31fda768007b692f007b3dd100000001403807d847ae256e0682f200615f791bfc5325/crm.lead.add","data":{"error":"ERROR_METHOD_NOT_FOUND","error_description":"Method not found!"}}
2025-08-22 11:30:37 [ERROR]: POST request failed | {"url":"https://b24-7woulk.bitrix24.vn/rest/31fda768007b692f007b3dd100000001403807d847ae256e0682f200615f791bfc5325/crm.lead.add","error":"Request failed with status code 404"}
2025-08-22 11:30:37 [ERROR]: ❌ Simplified auth API call failed | {"method":"crm.lead.add","error":"Request failed with status code 404","response":{"error":"ERROR_METHOD_NOT_FOUND","error_description":"Method not found!"}}
2025-08-22 11:30:37 [ERROR]: ❌ Bitrix24 API call failed (attempt 1) | {"method":"crm.lead.add","error":"Request failed with status code 404","response":{"error":"ERROR_METHOD_NOT_FOUND","error_description":"Method not found!"},"status":404}
2025-08-22 11:30:37 [ERROR]: HTTP Response Error Request failed with status code 404 | {"status":404,"url":"https://b24-7woulk.bitrix24.vn/rest/31fda768007b692f007b3dd100000001403807d847ae256e0682f200615f791bfc5325/crm.contact.fields","data":{"error":"ERROR_METHOD_NOT_FOUND","error_description":"Method not found!"}}
2025-08-22 11:30:37 [ERROR]: POST request failed | {"url":"https://b24-7woulk.bitrix24.vn/rest/31fda768007b692f007b3dd100000001403807d847ae256e0682f200615f791bfc5325/crm.contact.fields","error":"Request failed with status code 404"}
2025-08-22 11:30:37 [ERROR]: ❌ Simplified auth API call failed | {"method":"crm.contact.fields","error":"Request failed with status code 404","response":{"error":"ERROR_METHOD_NOT_FOUND","error_description":"Method not found!"}}
2025-08-22 11:30:37 [ERROR]: ❌ Bitrix24 API call failed (attempt 1) | {"method":"crm.contact.fields","error":"Request failed with status code 404","response":{"error":"ERROR_METHOD_NOT_FOUND","error_description":"Method not found!"},"status":404}
2025-08-22 11:30:37 [ERROR]: HTTP Response Error Request failed with status code 404 | {"status":404,"url":"https://b24-7woulk.bitrix24.vn/rest/31fda768007b692f007b3dd100000001403807d847ae256e0682f200615f791bfc5325/crm.contact.add","data":{"error":"ERROR_METHOD_NOT_FOUND","error_description":"Method not found!"}}
2025-08-22 11:30:37 [ERROR]: POST request failed | {"url":"https://b24-7woulk.bitrix24.vn/rest/31fda768007b692f007b3dd100000001403807d847ae256e0682f200615f791bfc5325/crm.contact.add","error":"Request failed with status code 404"}
2025-08-22 11:30:37 [ERROR]: ❌ Simplified auth API call failed | {"method":"crm.contact.add","error":"Request failed with status code 404","response":{"error":"ERROR_METHOD_NOT_FOUND","error_description":"Method not found!"}}
2025-08-22 11:30:37 [ERROR]: ❌ Bitrix24 API call failed (attempt 1) | {"method":"crm.contact.add","error":"Request failed with status code 404","response":{"error":"ERROR_METHOD_NOT_FOUND","error_description":"Method not found!"},"status":404}
2025-08-22 11:30:37 [ERROR]: Failed to create lead | {"submissionId":"6316462340215943524","error":"No CRM methods available","duration":1808}
2025-08-22 11:40:17 [ERROR]: ❌ Bitrix24 API call failed (attempt 1) | {"method":"user.current","error":"No access token available. Please complete OAuth authorization."}
2025-08-22 11:40:18 [ERROR]: ❌ Bitrix24 API call failed (attempt 2) | {"method":"user.current","error":"No access token available. Please complete OAuth authorization."}
2025-08-22 11:40:20 [ERROR]: ❌ Bitrix24 API call failed (attempt 3) | {"method":"user.current","error":"No access token available. Please complete OAuth authorization."}
2025-08-22 11:40:20 [ERROR]: ❌ Bitrix24 API call failed (attempt 1) | {"method":"crm.lead.fields","error":"No access token available. Please complete OAuth authorization."}
2025-08-22 11:40:21 [ERROR]: ❌ Bitrix24 API call failed (attempt 2) | {"method":"crm.lead.fields","error":"No access token available. Please complete OAuth authorization."}
2025-08-22 11:40:23 [ERROR]: ❌ Bitrix24 API call failed (attempt 3) | {"method":"crm.lead.fields","error":"No access token available. Please complete OAuth authorization."}
2025-08-22 11:40:23 [ERROR]: ❌ Bitrix24 API call failed (attempt 1) | {"method":"crm.lead.add","error":"No access token available. Please complete OAuth authorization."}
2025-08-22 11:40:24 [ERROR]: ❌ Bitrix24 API call failed (attempt 2) | {"method":"crm.lead.add","error":"No access token available. Please complete OAuth authorization."}
2025-08-22 11:40:26 [ERROR]: ❌ Bitrix24 API call failed (attempt 3) | {"method":"crm.lead.add","error":"No access token available. Please complete OAuth authorization."}
2025-08-22 11:40:26 [ERROR]: ❌ Bitrix24 API call failed (attempt 1) | {"method":"crm.contact.fields","error":"No access token available. Please complete OAuth authorization."}
2025-08-22 11:40:27 [ERROR]: ❌ Bitrix24 API call failed (attempt 2) | {"method":"crm.contact.fields","error":"No access token available. Please complete OAuth authorization."}
2025-08-22 11:40:29 [ERROR]: ❌ Bitrix24 API call failed (attempt 3) | {"method":"crm.contact.fields","error":"No access token available. Please complete OAuth authorization."}
2025-08-22 11:40:29 [ERROR]: ❌ Bitrix24 API call failed (attempt 1) | {"method":"crm.contact.add","error":"No access token available. Please complete OAuth authorization."}
2025-08-22 11:40:30 [ERROR]: ❌ Bitrix24 API call failed (attempt 2) | {"method":"crm.contact.add","error":"No access token available. Please complete OAuth authorization."}
2025-08-22 11:40:32 [ERROR]: ❌ Bitrix24 API call failed (attempt 3) | {"method":"crm.contact.add","error":"No access token available. Please complete OAuth authorization."}
2025-08-22 11:40:32 [ERROR]: ❌ Bitrix24 API call failed (attempt 1) | {"method":"app.info","error":"No access token available. Please complete OAuth authorization."}
2025-08-22 11:40:33 [ERROR]: ❌ Bitrix24 API call failed (attempt 2) | {"method":"app.info","error":"No access token available. Please complete OAuth authorization."}
2025-08-22 11:40:35 [ERROR]: ❌ Bitrix24 API call failed (attempt 3) | {"method":"app.info","error":"No access token available. Please complete OAuth authorization."}
2025-08-22 11:40:35 [ERROR]: ❌ Bitrix24 API call failed (attempt 1) | {"method":"placement.bind","error":"No access token available. Please complete OAuth authorization."}
2025-08-22 11:40:36 [ERROR]: ❌ Bitrix24 API call failed (attempt 2) | {"method":"placement.bind","error":"No access token available. Please complete OAuth authorization."}
2025-08-22 11:40:38 [ERROR]: ❌ Bitrix24 API call failed (attempt 3) | {"method":"placement.bind","error":"No access token available. Please complete OAuth authorization."}
2025-08-22 11:40:38 [ERROR]: ❌ Bitrix24 API call failed (attempt 1) | {"method":"placement.unbind","error":"No access token available. Please complete OAuth authorization."}
2025-08-22 11:40:39 [ERROR]: ❌ Bitrix24 API call failed (attempt 2) | {"method":"placement.unbind","error":"No access token available. Please complete OAuth authorization."}
2025-08-22 11:40:41 [ERROR]: ❌ Bitrix24 API call failed (attempt 3) | {"method":"placement.unbind","error":"No access token available. Please complete OAuth authorization."}
2025-08-22 11:40:41 [ERROR]: ❌ Bitrix24 API call failed (attempt 1) | {"method":"event.bind","error":"No access token available. Please complete OAuth authorization."}
2025-08-22 11:40:42 [ERROR]: ❌ Bitrix24 API call failed (attempt 2) | {"method":"event.bind","error":"No access token available. Please complete OAuth authorization."}
2025-08-22 11:40:44 [ERROR]: ❌ Bitrix24 API call failed (attempt 3) | {"method":"event.bind","error":"No access token available. Please complete OAuth authorization."}
2025-08-22 11:40:44 [ERROR]: ❌ Bitrix24 API call failed (attempt 1) | {"method":"event.unbind","error":"No access token available. Please complete OAuth authorization."}
2025-08-22 11:40:45 [ERROR]: ❌ Bitrix24 API call failed (attempt 2) | {"method":"event.unbind","error":"No access token available. Please complete OAuth authorization."}
2025-08-22 11:40:47 [ERROR]: ❌ Bitrix24 API call failed (attempt 3) | {"method":"event.unbind","error":"No access token available. Please complete OAuth authorization."}
2025-08-22 11:43:04 [ERROR]: HTTP Response Error Request failed with status code 404 | {"status":404,"url":"https://b24-7woulk.bitrix24.vn/rest/4403a868007b6943007b3dd1000000014038077d30485d4a1ac9d13a29d9a73f79d9f7/user.current","data":{"error":"ERROR_METHOD_NOT_FOUND","error_description":"Method not found!"}}
2025-08-22 11:43:04 [ERROR]: POST request failed | {"url":"https://b24-7woulk.bitrix24.vn/rest/4403a868007b6943007b3dd1000000014038077d30485d4a1ac9d13a29d9a73f79d9f7/user.current","error":"Request failed with status code 404"}
2025-08-22 11:43:04 [ERROR]: ❌ Simplified auth API call failed | {"method":"user.current","error":"Request failed with status code 404","response":{"error":"ERROR_METHOD_NOT_FOUND","error_description":"Method not found!"},"status":404}
2025-08-22 11:43:04 [ERROR]: ❌ Bitrix24 API call failed (attempt 1) | {"method":"user.current","error":"Method 'user.current' not available with simplified auth. This method requires OAuth 2.0 with CRM scope."}
2025-08-22 11:43:06 [ERROR]: HTTP Response Error Request failed with status code 404 | {"status":404,"url":"https://b24-7woulk.bitrix24.vn/rest/4403a868007b6943007b3dd1000000014038077d30485d4a1ac9d13a29d9a73f79d9f7/user.current","data":{"error":"ERROR_METHOD_NOT_FOUND","error_description":"Method not found!"}}
2025-08-22 11:43:06 [ERROR]: POST request failed | {"url":"https://b24-7woulk.bitrix24.vn/rest/4403a868007b6943007b3dd1000000014038077d30485d4a1ac9d13a29d9a73f79d9f7/user.current","error":"Request failed with status code 404"}
2025-08-22 11:43:06 [ERROR]: ❌ Simplified auth API call failed | {"method":"user.current","error":"Request failed with status code 404","response":{"error":"ERROR_METHOD_NOT_FOUND","error_description":"Method not found!"},"status":404}
2025-08-22 11:43:06 [ERROR]: ❌ Bitrix24 API call failed (attempt 2) | {"method":"user.current","error":"Method 'user.current' not available with simplified auth. This method requires OAuth 2.0 with CRM scope."}
2025-08-22 11:43:08 [ERROR]: HTTP Response Error Request failed with status code 404 | {"status":404,"url":"https://b24-7woulk.bitrix24.vn/rest/4403a868007b6943007b3dd1000000014038077d30485d4a1ac9d13a29d9a73f79d9f7/user.current","data":{"error":"ERROR_METHOD_NOT_FOUND","error_description":"Method not found!"}}
2025-08-22 11:43:08 [ERROR]: POST request failed | {"url":"https://b24-7woulk.bitrix24.vn/rest/4403a868007b6943007b3dd1000000014038077d30485d4a1ac9d13a29d9a73f79d9f7/user.current","error":"Request failed with status code 404"}
2025-08-22 11:43:08 [ERROR]: ❌ Simplified auth API call failed | {"method":"user.current","error":"Request failed with status code 404","response":{"error":"ERROR_METHOD_NOT_FOUND","error_description":"Method not found!"},"status":404}
2025-08-22 11:43:08 [ERROR]: ❌ Bitrix24 API call failed (attempt 3) | {"method":"user.current","error":"Method 'user.current' not available with simplified auth. This method requires OAuth 2.0 with CRM scope."}
2025-08-22 11:43:08 [ERROR]: HTTP Response Error Request failed with status code 404 | {"status":404,"url":"https://b24-7woulk.bitrix24.vn/rest/4403a868007b6943007b3dd1000000014038077d30485d4a1ac9d13a29d9a73f79d9f7/crm.lead.fields","data":{"error":"ERROR_METHOD_NOT_FOUND","error_description":"Method not found!"}}
2025-08-22 11:43:08 [ERROR]: POST request failed | {"url":"https://b24-7woulk.bitrix24.vn/rest/4403a868007b6943007b3dd1000000014038077d30485d4a1ac9d13a29d9a73f79d9f7/crm.lead.fields","error":"Request failed with status code 404"}
2025-08-22 11:43:08 [ERROR]: ❌ Simplified auth API call failed | {"method":"crm.lead.fields","error":"Request failed with status code 404","response":{"error":"ERROR_METHOD_NOT_FOUND","error_description":"Method not found!"},"status":404}
2025-08-22 11:43:08 [ERROR]: ❌ Bitrix24 API call failed (attempt 1) | {"method":"crm.lead.fields","error":"Method 'crm.lead.fields' not available with simplified auth. This method requires OAuth 2.0 with CRM scope."}
2025-08-22 11:43:10 [ERROR]: HTTP Response Error Request failed with status code 404 | {"status":404,"url":"https://b24-7woulk.bitrix24.vn/rest/4403a868007b6943007b3dd1000000014038077d30485d4a1ac9d13a29d9a73f79d9f7/crm.lead.fields","data":{"error":"ERROR_METHOD_NOT_FOUND","error_description":"Method not found!"}}
2025-08-22 11:43:10 [ERROR]: POST request failed | {"url":"https://b24-7woulk.bitrix24.vn/rest/4403a868007b6943007b3dd1000000014038077d30485d4a1ac9d13a29d9a73f79d9f7/crm.lead.fields","error":"Request failed with status code 404"}
2025-08-22 11:43:10 [ERROR]: ❌ Simplified auth API call failed | {"method":"crm.lead.fields","error":"Request failed with status code 404","response":{"error":"ERROR_METHOD_NOT_FOUND","error_description":"Method not found!"},"status":404}
2025-08-22 11:43:10 [ERROR]: ❌ Bitrix24 API call failed (attempt 2) | {"method":"crm.lead.fields","error":"Method 'crm.lead.fields' not available with simplified auth. This method requires OAuth 2.0 with CRM scope."}
2025-08-22 11:43:12 [ERROR]: HTTP Response Error Request failed with status code 404 | {"status":404,"url":"https://b24-7woulk.bitrix24.vn/rest/4403a868007b6943007b3dd1000000014038077d30485d4a1ac9d13a29d9a73f79d9f7/crm.lead.fields","data":{"error":"ERROR_METHOD_NOT_FOUND","error_description":"Method not found!"}}
2025-08-22 11:43:12 [ERROR]: POST request failed | {"url":"https://b24-7woulk.bitrix24.vn/rest/4403a868007b6943007b3dd1000000014038077d30485d4a1ac9d13a29d9a73f79d9f7/crm.lead.fields","error":"Request failed with status code 404"}
2025-08-22 11:43:12 [ERROR]: ❌ Simplified auth API call failed | {"method":"crm.lead.fields","error":"Request failed with status code 404","response":{"error":"ERROR_METHOD_NOT_FOUND","error_description":"Method not found!"},"status":404}
2025-08-22 11:43:12 [ERROR]: ❌ Bitrix24 API call failed (attempt 3) | {"method":"crm.lead.fields","error":"Method 'crm.lead.fields' not available with simplified auth. This method requires OAuth 2.0 with CRM scope."}
2025-08-22 11:43:12 [ERROR]: HTTP Response Error Request failed with status code 404 | {"status":404,"url":"https://b24-7woulk.bitrix24.vn/rest/4403a868007b6943007b3dd1000000014038077d30485d4a1ac9d13a29d9a73f79d9f7/crm.lead.add","data":{"error":"ERROR_METHOD_NOT_FOUND","error_description":"Method not found!"}}
2025-08-22 11:43:12 [ERROR]: POST request failed | {"url":"https://b24-7woulk.bitrix24.vn/rest/4403a868007b6943007b3dd1000000014038077d30485d4a1ac9d13a29d9a73f79d9f7/crm.lead.add","error":"Request failed with status code 404"}
2025-08-22 11:43:12 [ERROR]: ❌ Simplified auth API call failed | {"method":"crm.lead.add","error":"Request failed with status code 404","response":{"error":"ERROR_METHOD_NOT_FOUND","error_description":"Method not found!"},"status":404}
2025-08-22 11:43:12 [ERROR]: ❌ Bitrix24 API call failed (attempt 1) | {"method":"crm.lead.add","error":"Method 'crm.lead.add' not available with simplified auth. This method requires OAuth 2.0 with CRM scope."}
2025-08-22 11:43:14 [ERROR]: HTTP Response Error Request failed with status code 404 | {"status":404,"url":"https://b24-7woulk.bitrix24.vn/rest/4403a868007b6943007b3dd1000000014038077d30485d4a1ac9d13a29d9a73f79d9f7/crm.lead.add","data":{"error":"ERROR_METHOD_NOT_FOUND","error_description":"Method not found!"}}
2025-08-22 11:43:14 [ERROR]: POST request failed | {"url":"https://b24-7woulk.bitrix24.vn/rest/4403a868007b6943007b3dd1000000014038077d30485d4a1ac9d13a29d9a73f79d9f7/crm.lead.add","error":"Request failed with status code 404"}
2025-08-22 11:43:14 [ERROR]: ❌ Simplified auth API call failed | {"method":"crm.lead.add","error":"Request failed with status code 404","response":{"error":"ERROR_METHOD_NOT_FOUND","error_description":"Method not found!"},"status":404}
2025-08-22 11:43:14 [ERROR]: ❌ Bitrix24 API call failed (attempt 2) | {"method":"crm.lead.add","error":"Method 'crm.lead.add' not available with simplified auth. This method requires OAuth 2.0 with CRM scope."}
2025-08-22 11:43:16 [ERROR]: HTTP Response Error Request failed with status code 404 | {"status":404,"url":"https://b24-7woulk.bitrix24.vn/rest/4403a868007b6943007b3dd1000000014038077d30485d4a1ac9d13a29d9a73f79d9f7/crm.lead.add","data":{"error":"ERROR_METHOD_NOT_FOUND","error_description":"Method not found!"}}
2025-08-22 11:43:16 [ERROR]: POST request failed | {"url":"https://b24-7woulk.bitrix24.vn/rest/4403a868007b6943007b3dd1000000014038077d30485d4a1ac9d13a29d9a73f79d9f7/crm.lead.add","error":"Request failed with status code 404"}
2025-08-22 11:43:16 [ERROR]: ❌ Simplified auth API call failed | {"method":"crm.lead.add","error":"Request failed with status code 404","response":{"error":"ERROR_METHOD_NOT_FOUND","error_description":"Method not found!"},"status":404}
2025-08-22 11:43:16 [ERROR]: ❌ Bitrix24 API call failed (attempt 3) | {"method":"crm.lead.add","error":"Method 'crm.lead.add' not available with simplified auth. This method requires OAuth 2.0 with CRM scope."}
2025-08-22 11:43:16 [ERROR]: HTTP Response Error Request failed with status code 404 | {"status":404,"url":"https://b24-7woulk.bitrix24.vn/rest/4403a868007b6943007b3dd1000000014038077d30485d4a1ac9d13a29d9a73f79d9f7/crm.contact.fields","data":{"error":"ERROR_METHOD_NOT_FOUND","error_description":"Method not found!"}}
2025-08-22 11:43:16 [ERROR]: POST request failed | {"url":"https://b24-7woulk.bitrix24.vn/rest/4403a868007b6943007b3dd1000000014038077d30485d4a1ac9d13a29d9a73f79d9f7/crm.contact.fields","error":"Request failed with status code 404"}
2025-08-22 11:43:16 [ERROR]: ❌ Simplified auth API call failed | {"method":"crm.contact.fields","error":"Request failed with status code 404","response":{"error":"ERROR_METHOD_NOT_FOUND","error_description":"Method not found!"},"status":404}
2025-08-22 11:43:16 [ERROR]: ❌ Bitrix24 API call failed (attempt 1) | {"method":"crm.contact.fields","error":"Method 'crm.contact.fields' not available with simplified auth. This method requires OAuth 2.0 with CRM scope."}
2025-08-22 11:43:18 [ERROR]: HTTP Response Error Request failed with status code 404 | {"status":404,"url":"https://b24-7woulk.bitrix24.vn/rest/4403a868007b6943007b3dd1000000014038077d30485d4a1ac9d13a29d9a73f79d9f7/crm.contact.fields","data":{"error":"ERROR_METHOD_NOT_FOUND","error_description":"Method not found!"}}
2025-08-22 11:43:18 [ERROR]: POST request failed | {"url":"https://b24-7woulk.bitrix24.vn/rest/4403a868007b6943007b3dd1000000014038077d30485d4a1ac9d13a29d9a73f79d9f7/crm.contact.fields","error":"Request failed with status code 404"}
2025-08-22 11:43:18 [ERROR]: ❌ Simplified auth API call failed | {"method":"crm.contact.fields","error":"Request failed with status code 404","response":{"error":"ERROR_METHOD_NOT_FOUND","error_description":"Method not found!"},"status":404}
2025-08-22 11:43:18 [ERROR]: ❌ Bitrix24 API call failed (attempt 2) | {"method":"crm.contact.fields","error":"Method 'crm.contact.fields' not available with simplified auth. This method requires OAuth 2.0 with CRM scope."}
2025-08-22 11:43:20 [ERROR]: HTTP Response Error Request failed with status code 404 | {"status":404,"url":"https://b24-7woulk.bitrix24.vn/rest/4403a868007b6943007b3dd1000000014038077d30485d4a1ac9d13a29d9a73f79d9f7/crm.contact.fields","data":{"error":"ERROR_METHOD_NOT_FOUND","error_description":"Method not found!"}}
2025-08-22 11:43:20 [ERROR]: POST request failed | {"url":"https://b24-7woulk.bitrix24.vn/rest/4403a868007b6943007b3dd1000000014038077d30485d4a1ac9d13a29d9a73f79d9f7/crm.contact.fields","error":"Request failed with status code 404"}
2025-08-22 11:43:20 [ERROR]: ❌ Simplified auth API call failed | {"method":"crm.contact.fields","error":"Request failed with status code 404","response":{"error":"ERROR_METHOD_NOT_FOUND","error_description":"Method not found!"},"status":404}
2025-08-22 11:43:20 [ERROR]: ❌ Bitrix24 API call failed (attempt 3) | {"method":"crm.contact.fields","error":"Method 'crm.contact.fields' not available with simplified auth. This method requires OAuth 2.0 with CRM scope."}
2025-08-22 11:43:20 [ERROR]: HTTP Response Error Request failed with status code 404 | {"status":404,"url":"https://b24-7woulk.bitrix24.vn/rest/4403a868007b6943007b3dd1000000014038077d30485d4a1ac9d13a29d9a73f79d9f7/crm.contact.add","data":{"error":"ERROR_METHOD_NOT_FOUND","error_description":"Method not found!"}}
2025-08-22 11:43:20 [ERROR]: POST request failed | {"url":"https://b24-7woulk.bitrix24.vn/rest/4403a868007b6943007b3dd1000000014038077d30485d4a1ac9d13a29d9a73f79d9f7/crm.contact.add","error":"Request failed with status code 404"}
2025-08-22 11:43:20 [ERROR]: ❌ Simplified auth API call failed | {"method":"crm.contact.add","error":"Request failed with status code 404","response":{"error":"ERROR_METHOD_NOT_FOUND","error_description":"Method not found!"},"status":404}
2025-08-22 11:43:20 [ERROR]: ❌ Bitrix24 API call failed (attempt 1) | {"method":"crm.contact.add","error":"Method 'crm.contact.add' not available with simplified auth. This method requires OAuth 2.0 with CRM scope."}
2025-08-22 11:43:22 [ERROR]: HTTP Response Error Request failed with status code 404 | {"status":404,"url":"https://b24-7woulk.bitrix24.vn/rest/4403a868007b6943007b3dd1000000014038077d30485d4a1ac9d13a29d9a73f79d9f7/crm.contact.add","data":{"error":"ERROR_METHOD_NOT_FOUND","error_description":"Method not found!"}}
2025-08-22 11:43:22 [ERROR]: POST request failed | {"url":"https://b24-7woulk.bitrix24.vn/rest/4403a868007b6943007b3dd1000000014038077d30485d4a1ac9d13a29d9a73f79d9f7/crm.contact.add","error":"Request failed with status code 404"}
2025-08-22 11:43:22 [ERROR]: ❌ Simplified auth API call failed | {"method":"crm.contact.add","error":"Request failed with status code 404","response":{"error":"ERROR_METHOD_NOT_FOUND","error_description":"Method not found!"},"status":404}
2025-08-22 11:43:22 [ERROR]: ❌ Bitrix24 API call failed (attempt 2) | {"method":"crm.contact.add","error":"Method 'crm.contact.add' not available with simplified auth. This method requires OAuth 2.0 with CRM scope."}
2025-08-22 11:47:18 [ERROR]: App installation error | {"error":"Environment variable BITRIX24_REST_URL is not set","query":{"DOMAIN":"b24-7woulk.bitrix24.vn","PROTOCOL":"1","LANG":"vn","APP_SID":"577037b0c50cd2cd0454ee93a1aa2ffc"},"body":{"AUTH_ID":"6404a868007b6943007b3dd100000001403807edd3e4479a071c33ebc3b986f73365c5","AUTH_EXPIRES":"3600","REFRESH_ID":"5483cf68007b6943007b3dd100000001403807ede845224098df175b66c9972210c32e","member_id":"78d52900632fa1e9acbd6c03fe41e332","status":"L","PLACEMENT":"DEFAULT","PLACEMENT_OPTIONS":"{\"IFRAME\":\"Y\",\"IFRAME_TYPE\":\"SIDE_SLIDER\",\"any\":\"29\\/\"}"}}
Error: Environment variable BITRIX24_REST_URL is not set
    at ConfigService.get (/Users/tuanhuytran/jotform-bitrix24-integration/src/services/config.service.js:15:13)
    at ConfigService.getBitrix24Config (/Users/tuanhuytran/jotform-bitrix24-integration/src/services/config.service.js:69:21)
    at new Bitrix24NewService (/Users/tuanhuytran/jotform-bitrix24-integration/src/services/bitrix24-new.service.js:16:45)
    at ServiceContainer.initializeServices (/Users/tuanhuytran/jotform-bitrix24-integration/src/services/service-container.js:41:31)
    at async initializeServices (/Users/tuanhuytran/jotform-bitrix24-integration/src/routes/install.js:14:5)
    at async /Users/tuanhuytran/jotform-bitrix24-integration/src/routes/install.js:116:22
2025-08-22 11:48:33 [ERROR]: App installation error | {"error":"Environment variable BITRIX24_REST_URL is not set","query":{"DOMAIN":"b24-7woulk.bitrix24.vn","PROTOCOL":"1","LANG":"vn","APP_SID":"40a1f8c55554163be7cb75d088beffc9"},"body":{"AUTH_ID":"b104a868007b6943007b3dd100000001403807af82821be4440fd444270a859cb20ff7","AUTH_EXPIRES":"3600","REFRESH_ID":"a183cf68007b6943007b3dd100000001403807058603e3b68b72c5e9077d3166dd2699","member_id":"78d52900632fa1e9acbd6c03fe41e332","status":"L","PLACEMENT":"DEFAULT","PLACEMENT_OPTIONS":"{\"IFRAME\":\"Y\",\"IFRAME_TYPE\":\"SIDE_SLIDER\",\"any\":\"29\\/\"}"}}
Error: Environment variable BITRIX24_REST_URL is not set
    at ConfigService.get (/Users/tuanhuytran/jotform-bitrix24-integration/src/services/config.service.js:15:13)
    at ConfigService.getBitrix24Config (/Users/tuanhuytran/jotform-bitrix24-integration/src/services/config.service.js:69:21)
    at new Bitrix24NewService (/Users/tuanhuytran/jotform-bitrix24-integration/src/services/bitrix24-new.service.js:16:45)
    at ServiceContainer.initializeServices (/Users/tuanhuytran/jotform-bitrix24-integration/src/services/service-container.js:41:31)
    at async initializeServices (/Users/tuanhuytran/jotform-bitrix24-integration/src/routes/install.js:14:5)
    at async /Users/tuanhuytran/jotform-bitrix24-integration/src/routes/install.js:116:22
2025-08-22 11:50:40 [ERROR]: HTTP Response Error Request failed with status code 404 | {"status":404,"url":"https://b24-7woulk.bitrix24.vn/rest/4403a868007b6943007b3dd1000000014038077d30485d4a1ac9d13a29d9a73f79d9f7/user.current","data":{"error":"ERROR_METHOD_NOT_FOUND","error_description":"Method not found!"}}
2025-08-22 11:50:40 [ERROR]: POST request failed | {"url":"https://b24-7woulk.bitrix24.vn/rest/4403a868007b6943007b3dd1000000014038077d30485d4a1ac9d13a29d9a73f79d9f7/user.current","error":"Request failed with status code 404"}
2025-08-22 11:50:40 [ERROR]: ❌ Simplified auth API call failed | {"method":"user.current","error":"Request failed with status code 404","response":{"error":"ERROR_METHOD_NOT_FOUND","error_description":"Method not found!"},"status":404}
2025-08-22 11:50:40 [ERROR]: ❌ Bitrix24 API call failed (attempt 1) | {"method":"user.current","error":"Method 'user.current' not available with simplified auth. This method requires OAuth 2.0 with CRM scope."}
2025-08-22 11:50:41 [ERROR]: HTTP Response Error Request failed with status code 404 | {"status":404,"url":"https://b24-7woulk.bitrix24.vn/rest/4403a868007b6943007b3dd1000000014038077d30485d4a1ac9d13a29d9a73f79d9f7/user.current","data":{"error":"ERROR_METHOD_NOT_FOUND","error_description":"Method not found!"}}
2025-08-22 11:50:41 [ERROR]: POST request failed | {"url":"https://b24-7woulk.bitrix24.vn/rest/4403a868007b6943007b3dd1000000014038077d30485d4a1ac9d13a29d9a73f79d9f7/user.current","error":"Request failed with status code 404"}
2025-08-22 11:50:41 [ERROR]: ❌ Simplified auth API call failed | {"method":"user.current","error":"Request failed with status code 404","response":{"error":"ERROR_METHOD_NOT_FOUND","error_description":"Method not found!"},"status":404}
2025-08-22 11:50:41 [ERROR]: ❌ Bitrix24 API call failed (attempt 2) | {"method":"user.current","error":"Method 'user.current' not available with simplified auth. This method requires OAuth 2.0 with CRM scope."}
2025-08-22 11:50:43 [ERROR]: HTTP Response Error Request failed with status code 404 | {"status":404,"url":"https://b24-7woulk.bitrix24.vn/rest/4403a868007b6943007b3dd1000000014038077d30485d4a1ac9d13a29d9a73f79d9f7/user.current","data":{"error":"ERROR_METHOD_NOT_FOUND","error_description":"Method not found!"}}
2025-08-22 11:50:43 [ERROR]: POST request failed | {"url":"https://b24-7woulk.bitrix24.vn/rest/4403a868007b6943007b3dd1000000014038077d30485d4a1ac9d13a29d9a73f79d9f7/user.current","error":"Request failed with status code 404"}
2025-08-22 11:50:43 [ERROR]: ❌ Simplified auth API call failed | {"method":"user.current","error":"Request failed with status code 404","response":{"error":"ERROR_METHOD_NOT_FOUND","error_description":"Method not found!"},"status":404}
2025-08-22 11:50:43 [ERROR]: ❌ Bitrix24 API call failed (attempt 3) | {"method":"user.current","error":"Method 'user.current' not available with simplified auth. This method requires OAuth 2.0 with CRM scope."}
2025-08-22 11:50:44 [ERROR]: HTTP Response Error Request failed with status code 404 | {"status":404,"url":"https://b24-7woulk.bitrix24.vn/rest/4403a868007b6943007b3dd1000000014038077d30485d4a1ac9d13a29d9a73f79d9f7/crm.lead.fields","data":{"error":"ERROR_METHOD_NOT_FOUND","error_description":"Method not found!"}}
2025-08-22 11:50:44 [ERROR]: POST request failed | {"url":"https://b24-7woulk.bitrix24.vn/rest/4403a868007b6943007b3dd1000000014038077d30485d4a1ac9d13a29d9a73f79d9f7/crm.lead.fields","error":"Request failed with status code 404"}
2025-08-22 11:50:44 [ERROR]: ❌ Simplified auth API call failed | {"method":"crm.lead.fields","error":"Request failed with status code 404","response":{"error":"ERROR_METHOD_NOT_FOUND","error_description":"Method not found!"},"status":404}
2025-08-22 11:50:44 [ERROR]: ❌ Bitrix24 API call failed (attempt 1) | {"method":"crm.lead.fields","error":"Method 'crm.lead.fields' not available with simplified auth. This method requires OAuth 2.0 with CRM scope."}
2025-08-22 11:50:45 [ERROR]: HTTP Response Error Request failed with status code 404 | {"status":404,"url":"https://b24-7woulk.bitrix24.vn/rest/4403a868007b6943007b3dd1000000014038077d30485d4a1ac9d13a29d9a73f79d9f7/crm.lead.fields","data":{"error":"ERROR_METHOD_NOT_FOUND","error_description":"Method not found!"}}
2025-08-22 11:50:45 [ERROR]: POST request failed | {"url":"https://b24-7woulk.bitrix24.vn/rest/4403a868007b6943007b3dd1000000014038077d30485d4a1ac9d13a29d9a73f79d9f7/crm.lead.fields","error":"Request failed with status code 404"}
2025-08-22 11:50:45 [ERROR]: ❌ Simplified auth API call failed | {"method":"crm.lead.fields","error":"Request failed with status code 404","response":{"error":"ERROR_METHOD_NOT_FOUND","error_description":"Method not found!"},"status":404}
2025-08-22 11:50:45 [ERROR]: ❌ Bitrix24 API call failed (attempt 2) | {"method":"crm.lead.fields","error":"Method 'crm.lead.fields' not available with simplified auth. This method requires OAuth 2.0 with CRM scope."}
2025-08-22 11:50:47 [ERROR]: HTTP Response Error Request failed with status code 404 | {"status":404,"url":"https://b24-7woulk.bitrix24.vn/rest/4403a868007b6943007b3dd1000000014038077d30485d4a1ac9d13a29d9a73f79d9f7/crm.lead.fields","data":{"error":"ERROR_METHOD_NOT_FOUND","error_description":"Method not found!"}}
2025-08-22 11:50:47 [ERROR]: POST request failed | {"url":"https://b24-7woulk.bitrix24.vn/rest/4403a868007b6943007b3dd1000000014038077d30485d4a1ac9d13a29d9a73f79d9f7/crm.lead.fields","error":"Request failed with status code 404"}
2025-08-22 11:50:47 [ERROR]: ❌ Simplified auth API call failed | {"method":"crm.lead.fields","error":"Request failed with status code 404","response":{"error":"ERROR_METHOD_NOT_FOUND","error_description":"Method not found!"},"status":404}
2025-08-22 11:50:47 [ERROR]: ❌ Bitrix24 API call failed (attempt 3) | {"method":"crm.lead.fields","error":"Method 'crm.lead.fields' not available with simplified auth. This method requires OAuth 2.0 with CRM scope."}
2025-08-22 11:50:48 [ERROR]: HTTP Response Error Request failed with status code 404 | {"status":404,"url":"https://b24-7woulk.bitrix24.vn/rest/4403a868007b6943007b3dd1000000014038077d30485d4a1ac9d13a29d9a73f79d9f7/crm.lead.add","data":{"error":"ERROR_METHOD_NOT_FOUND","error_description":"Method not found!"}}
2025-08-22 11:50:48 [ERROR]: POST request failed | {"url":"https://b24-7woulk.bitrix24.vn/rest/4403a868007b6943007b3dd1000000014038077d30485d4a1ac9d13a29d9a73f79d9f7/crm.lead.add","error":"Request failed with status code 404"}
2025-08-22 11:50:48 [ERROR]: ❌ Simplified auth API call failed | {"method":"crm.lead.add","error":"Request failed with status code 404","response":{"error":"ERROR_METHOD_NOT_FOUND","error_description":"Method not found!"},"status":404}
2025-08-22 11:50:48 [ERROR]: ❌ Bitrix24 API call failed (attempt 1) | {"method":"crm.lead.add","error":"Method 'crm.lead.add' not available with simplified auth. This method requires OAuth 2.0 with CRM scope."}
2025-08-22 11:50:49 [ERROR]: HTTP Response Error Request failed with status code 404 | {"status":404,"url":"https://b24-7woulk.bitrix24.vn/rest/4403a868007b6943007b3dd1000000014038077d30485d4a1ac9d13a29d9a73f79d9f7/crm.lead.add","data":{"error":"ERROR_METHOD_NOT_FOUND","error_description":"Method not found!"}}
2025-08-22 11:50:49 [ERROR]: POST request failed | {"url":"https://b24-7woulk.bitrix24.vn/rest/4403a868007b6943007b3dd1000000014038077d30485d4a1ac9d13a29d9a73f79d9f7/crm.lead.add","error":"Request failed with status code 404"}
2025-08-22 11:50:49 [ERROR]: ❌ Simplified auth API call failed | {"method":"crm.lead.add","error":"Request failed with status code 404","response":{"error":"ERROR_METHOD_NOT_FOUND","error_description":"Method not found!"},"status":404}
2025-08-22 11:50:49 [ERROR]: ❌ Bitrix24 API call failed (attempt 2) | {"method":"crm.lead.add","error":"Method 'crm.lead.add' not available with simplified auth. This method requires OAuth 2.0 with CRM scope."}
2025-08-22 11:50:51 [ERROR]: HTTP Response Error Request failed with status code 404 | {"status":404,"url":"https://b24-7woulk.bitrix24.vn/rest/4403a868007b6943007b3dd1000000014038077d30485d4a1ac9d13a29d9a73f79d9f7/crm.lead.add","data":{"error":"ERROR_METHOD_NOT_FOUND","error_description":"Method not found!"}}
2025-08-22 11:50:51 [ERROR]: POST request failed | {"url":"https://b24-7woulk.bitrix24.vn/rest/4403a868007b6943007b3dd1000000014038077d30485d4a1ac9d13a29d9a73f79d9f7/crm.lead.add","error":"Request failed with status code 404"}
2025-08-22 11:50:51 [ERROR]: ❌ Simplified auth API call failed | {"method":"crm.lead.add","error":"Request failed with status code 404","response":{"error":"ERROR_METHOD_NOT_FOUND","error_description":"Method not found!"},"status":404}
2025-08-22 11:50:51 [ERROR]: ❌ Bitrix24 API call failed (attempt 3) | {"method":"crm.lead.add","error":"Method 'crm.lead.add' not available with simplified auth. This method requires OAuth 2.0 with CRM scope."}
2025-08-22 11:50:52 [ERROR]: HTTP Response Error Request failed with status code 404 | {"status":404,"url":"https://b24-7woulk.bitrix24.vn/rest/4403a868007b6943007b3dd1000000014038077d30485d4a1ac9d13a29d9a73f79d9f7/crm.contact.fields","data":{"error":"ERROR_METHOD_NOT_FOUND","error_description":"Method not found!"}}
2025-08-22 11:50:52 [ERROR]: POST request failed | {"url":"https://b24-7woulk.bitrix24.vn/rest/4403a868007b6943007b3dd1000000014038077d30485d4a1ac9d13a29d9a73f79d9f7/crm.contact.fields","error":"Request failed with status code 404"}
2025-08-22 11:50:52 [ERROR]: ❌ Simplified auth API call failed | {"method":"crm.contact.fields","error":"Request failed with status code 404","response":{"error":"ERROR_METHOD_NOT_FOUND","error_description":"Method not found!"},"status":404}
2025-08-22 11:50:52 [ERROR]: ❌ Bitrix24 API call failed (attempt 1) | {"method":"crm.contact.fields","error":"Method 'crm.contact.fields' not available with simplified auth. This method requires OAuth 2.0 with CRM scope."}
2025-08-22 11:50:53 [ERROR]: HTTP Response Error Request failed with status code 404 | {"status":404,"url":"https://b24-7woulk.bitrix24.vn/rest/4403a868007b6943007b3dd1000000014038077d30485d4a1ac9d13a29d9a73f79d9f7/crm.contact.fields","data":{"error":"ERROR_METHOD_NOT_FOUND","error_description":"Method not found!"}}
2025-08-22 11:50:53 [ERROR]: POST request failed | {"url":"https://b24-7woulk.bitrix24.vn/rest/4403a868007b6943007b3dd1000000014038077d30485d4a1ac9d13a29d9a73f79d9f7/crm.contact.fields","error":"Request failed with status code 404"}
2025-08-22 11:50:53 [ERROR]: ❌ Simplified auth API call failed | {"method":"crm.contact.fields","error":"Request failed with status code 404","response":{"error":"ERROR_METHOD_NOT_FOUND","error_description":"Method not found!"},"status":404}
2025-08-22 11:50:53 [ERROR]: ❌ Bitrix24 API call failed (attempt 2) | {"method":"crm.contact.fields","error":"Method 'crm.contact.fields' not available with simplified auth. This method requires OAuth 2.0 with CRM scope."}
2025-08-22 11:50:55 [ERROR]: HTTP Response Error Request failed with status code 404 | {"status":404,"url":"https://b24-7woulk.bitrix24.vn/rest/4403a868007b6943007b3dd1000000014038077d30485d4a1ac9d13a29d9a73f79d9f7/crm.contact.fields","data":{"error":"ERROR_METHOD_NOT_FOUND","error_description":"Method not found!"}}
2025-08-22 11:50:55 [ERROR]: POST request failed | {"url":"https://b24-7woulk.bitrix24.vn/rest/4403a868007b6943007b3dd1000000014038077d30485d4a1ac9d13a29d9a73f79d9f7/crm.contact.fields","error":"Request failed with status code 404"}
2025-08-22 11:50:55 [ERROR]: ❌ Simplified auth API call failed | {"method":"crm.contact.fields","error":"Request failed with status code 404","response":{"error":"ERROR_METHOD_NOT_FOUND","error_description":"Method not found!"},"status":404}
2025-08-22 11:50:55 [ERROR]: ❌ Bitrix24 API call failed (attempt 3) | {"method":"crm.contact.fields","error":"Method 'crm.contact.fields' not available with simplified auth. This method requires OAuth 2.0 with CRM scope."}
2025-08-22 11:50:56 [ERROR]: HTTP Response Error Request failed with status code 404 | {"status":404,"url":"https://b24-7woulk.bitrix24.vn/rest/4403a868007b6943007b3dd1000000014038077d30485d4a1ac9d13a29d9a73f79d9f7/crm.contact.add","data":{"error":"ERROR_METHOD_NOT_FOUND","error_description":"Method not found!"}}
2025-08-22 11:50:56 [ERROR]: POST request failed | {"url":"https://b24-7woulk.bitrix24.vn/rest/4403a868007b6943007b3dd1000000014038077d30485d4a1ac9d13a29d9a73f79d9f7/crm.contact.add","error":"Request failed with status code 404"}
2025-08-22 11:50:56 [ERROR]: ❌ Simplified auth API call failed | {"method":"crm.contact.add","error":"Request failed with status code 404","response":{"error":"ERROR_METHOD_NOT_FOUND","error_description":"Method not found!"},"status":404}
2025-08-22 11:50:56 [ERROR]: ❌ Bitrix24 API call failed (attempt 1) | {"method":"crm.contact.add","error":"Method 'crm.contact.add' not available with simplified auth. This method requires OAuth 2.0 with CRM scope."}
2025-08-22 11:50:57 [ERROR]: HTTP Response Error Request failed with status code 404 | {"status":404,"url":"https://b24-7woulk.bitrix24.vn/rest/4403a868007b6943007b3dd1000000014038077d30485d4a1ac9d13a29d9a73f79d9f7/crm.contact.add","data":{"error":"ERROR_METHOD_NOT_FOUND","error_description":"Method not found!"}}
2025-08-22 11:50:57 [ERROR]: POST request failed | {"url":"https://b24-7woulk.bitrix24.vn/rest/4403a868007b6943007b3dd1000000014038077d30485d4a1ac9d13a29d9a73f79d9f7/crm.contact.add","error":"Request failed with status code 404"}
2025-08-22 11:50:57 [ERROR]: ❌ Simplified auth API call failed | {"method":"crm.contact.add","error":"Request failed with status code 404","response":{"error":"ERROR_METHOD_NOT_FOUND","error_description":"Method not found!"},"status":404}
2025-08-22 11:50:57 [ERROR]: ❌ Bitrix24 API call failed (attempt 2) | {"method":"crm.contact.add","error":"Method 'crm.contact.add' not available with simplified auth. This method requires OAuth 2.0 with CRM scope."}
2025-08-22 11:51:34 [ERROR]: HTTP Response Error Request failed with status code 401 | {"status":401,"url":"https://b24-7woulk.bitrix24.vn/rest/user.current","data":{"error":"insufficient_scope","error_description":"The request requires higher privileges than provided by the access token"}}
2025-08-22 11:51:34 [ERROR]: POST request failed | {"url":"https://b24-7woulk.bitrix24.vn/rest/user.current","error":"Request failed with status code 401"}
2025-08-22 11:51:34 [ERROR]: ❌ Bitrix24 API call failed (attempt 1) | {"method":"user.current","error":"Request failed with status code 401","response":{"error":"insufficient_scope","error_description":"The request requires higher privileges than provided by the access token"},"status":401}
2025-08-22 11:51:37 [ERROR]: HTTP Response Error Request failed with status code 401 | {"status":401,"url":"https://b24-7woulk.bitrix24.vn/rest/placement.bind","data":{"error":"insufficient_scope","error_description":"The request requires higher privileges than provided by the access token"}}
2025-08-22 11:51:37 [ERROR]: POST request failed | {"url":"https://b24-7woulk.bitrix24.vn/rest/placement.bind","error":"Request failed with status code 401"}
2025-08-22 11:51:37 [ERROR]: ❌ Bitrix24 API call failed (attempt 1) | {"method":"placement.bind","error":"Request failed with status code 401","response":{"error":"insufficient_scope","error_description":"The request requires higher privileges than provided by the access token"},"status":401}
2025-08-22 11:51:38 [ERROR]: HTTP Response Error Request failed with status code 401 | {"status":401,"url":"https://b24-7woulk.bitrix24.vn/rest/placement.unbind","data":{"error":"insufficient_scope","error_description":"The request requires higher privileges than provided by the access token"}}
2025-08-22 11:51:38 [ERROR]: POST request failed | {"url":"https://b24-7woulk.bitrix24.vn/rest/placement.unbind","error":"Request failed with status code 401"}
2025-08-22 11:51:38 [ERROR]: ❌ Bitrix24 API call failed (attempt 1) | {"method":"placement.unbind","error":"Request failed with status code 401","response":{"error":"insufficient_scope","error_description":"The request requires higher privileges than provided by the access token"},"status":401}
2025-08-22 11:51:38 [ERROR]: HTTP Response Error Request failed with status code 400 | {"status":400,"url":"https://b24-7woulk.bitrix24.vn/rest/event.bind","data":{"error":"ERROR_ARGUMENT","error_description":"Argument 'EVENT' is null or empty","argument":"EVENT"}}
2025-08-22 11:51:38 [ERROR]: POST request failed | {"url":"https://b24-7woulk.bitrix24.vn/rest/event.bind","error":"Request failed with status code 400"}
2025-08-22 11:51:38 [ERROR]: ❌ Bitrix24 API call failed (attempt 1) | {"method":"event.bind","error":"Request failed with status code 400","response":{"error":"ERROR_ARGUMENT","error_description":"Argument 'EVENT' is null or empty","argument":"EVENT"},"status":400}
2025-08-22 11:51:38 [ERROR]: HTTP Response Error Request failed with status code 400 | {"status":400,"url":"https://b24-7woulk.bitrix24.vn/rest/event.unbind","data":{"error":"ERROR_ARGUMENT","error_description":"Argument 'EVENT' is null or empty","argument":"EVENT"}}
2025-08-22 11:51:38 [ERROR]: POST request failed | {"url":"https://b24-7woulk.bitrix24.vn/rest/event.unbind","error":"Request failed with status code 400"}
2025-08-22 11:51:38 [ERROR]: ❌ Bitrix24 API call failed (attempt 1) | {"method":"event.unbind","error":"Request failed with status code 400","response":{"error":"ERROR_ARGUMENT","error_description":"Argument 'EVENT' is null or empty","argument":"EVENT"},"status":400}
2025-08-22 11:51:40 [ERROR]: HTTP Response Error Request failed with status code 400 | {"status":400,"url":"https://b24-7woulk.bitrix24.vn/rest/app.option.set","data":{"error":"ERROR_ARGUMENT","error_description":"Argument 'options' is null or empty","argument":"options"}}
2025-08-22 11:51:40 [ERROR]: POST request failed | {"url":"https://b24-7woulk.bitrix24.vn/rest/app.option.set","error":"Request failed with status code 400"}
2025-08-22 11:51:40 [ERROR]: ❌ Bitrix24 API call failed (attempt 1) | {"method":"app.option.set","error":"Request failed with status code 400","response":{"error":"ERROR_ARGUMENT","error_description":"Argument 'options' is null or empty","argument":"options"},"status":400}
2025-08-22 11:51:40 [ERROR]: HTTP Response Error Request failed with status code 401 | {"status":401,"url":"https://b24-7woulk.bitrix24.vn/rest/user.get","data":{"error":"insufficient_scope","error_description":"The request requires higher privileges than provided by the access token"}}
2025-08-22 11:51:40 [ERROR]: POST request failed | {"url":"https://b24-7woulk.bitrix24.vn/rest/user.get","error":"Request failed with status code 401"}
2025-08-22 11:51:40 [ERROR]: ❌ Bitrix24 API call failed (attempt 1) | {"method":"user.get","error":"Request failed with status code 401","response":{"error":"insufficient_scope","error_description":"The request requires higher privileges than provided by the access token"},"status":401}
2025-08-22 11:51:41 [ERROR]: HTTP Response Error Request failed with status code 400 | {"status":400,"url":"https://b24-7woulk.bitrix24.vn/rest/user.option.set","data":{"error":"ERROR_ARGUMENT","error_description":"Argument 'options' is null or empty","argument":"options"}}
2025-08-22 11:51:41 [ERROR]: POST request failed | {"url":"https://b24-7woulk.bitrix24.vn/rest/user.option.set","error":"Request failed with status code 400"}
2025-08-22 11:51:41 [ERROR]: ❌ Bitrix24 API call failed (attempt 1) | {"method":"user.option.set","error":"Request failed with status code 400","response":{"error":"ERROR_ARGUMENT","error_description":"Argument 'options' is null or empty","argument":"options"},"status":400}
2025-08-22 11:55:16 [ERROR]: HTTP Response Error Request failed with status code 401 | {"status":401,"url":"https://b24-7woulk.bitrix24.vn/rest/user.current","data":{"error":"insufficient_scope","error_description":"The request requires higher privileges than provided by the access token"}}
2025-08-22 11:55:16 [ERROR]: POST request failed | {"url":"https://b24-7woulk.bitrix24.vn/rest/user.current","error":"Request failed with status code 401"}
2025-08-22 11:55:16 [ERROR]: ❌ Bitrix24 API call failed (attempt 1) | {"method":"user.current","error":"Request failed with status code 401","response":{"error":"insufficient_scope","error_description":"The request requires higher privileges than provided by the access token"},"status":401}
2025-08-22 13:40:25 [ERROR]: HTTP Response Error Request failed with status code 401 | {"status":401,"url":"https://b24-7woulk.bitrix24.vn/rest/crm.lead.add","data":{"error":"expired_token","error_description":"The access token provided has expired."}}
2025-08-22 13:40:25 [ERROR]: POST request failed | {"url":"https://b24-7woulk.bitrix24.vn/rest/crm.lead.add","error":"Request failed with status code 401"}
2025-08-22 13:40:25 [ERROR]: ❌ Bitrix24 API call failed (attempt 1) | {"method":"crm.lead.add","error":"Request failed with status code 401","response":{"error":"expired_token","error_description":"The access token provided has expired."},"status":401}
2025-08-22 13:40:25 [ERROR]: Error creating Bitrix24 lead | {"error":"Bitrix24 API call failed: Request failed with status code 401","submissionId":"6316540220217240084"}
2025-08-22 13:40:25 [ERROR]: Failed to create lead | {"submissionId":"6316540220217240084","error":"Bitrix24 API call failed: Request failed with status code 401","duration":1163}
2025-08-22 13:41:16 [ERROR]: HTTP Response Error Request failed with status code 401 | {"status":401,"url":"https://b24-7woulk.bitrix24.vn/rest/crm.lead.add","data":{"error":"expired_token","error_description":"The access token provided has expired."}}
2025-08-22 13:41:16 [ERROR]: POST request failed | {"url":"https://b24-7woulk.bitrix24.vn/rest/crm.lead.add","error":"Request failed with status code 401"}
2025-08-22 13:41:16 [ERROR]: ❌ Bitrix24 API call failed (attempt 1) | {"method":"crm.lead.add","error":"Request failed with status code 401","response":{"error":"expired_token","error_description":"The access token provided has expired."},"status":401}
2025-08-22 13:41:16 [ERROR]: Error creating Bitrix24 lead | {"error":"Bitrix24 API call failed: Request failed with status code 401","submissionId":"6316540740214693774"}
2025-08-22 13:41:16 [ERROR]: Failed to create lead | {"submissionId":"6316540740214693774","error":"Bitrix24 API call failed: Request failed with status code 401","duration":460}
2025-08-22 13:43:16 [ERROR]: HTTP Response Error Request failed with status code 401 | {"status":401,"url":"https://b24-7woulk.bitrix24.vn/rest/crm.lead.add","data":{"error":"expired_token","error_description":"The access token provided has expired."}}
2025-08-22 13:43:16 [ERROR]: POST request failed | {"url":"https://b24-7woulk.bitrix24.vn/rest/crm.lead.add","error":"Request failed with status code 401"}
2025-08-22 13:43:16 [ERROR]: ❌ Bitrix24 API call failed (attempt 1) | {"method":"crm.lead.add","error":"Request failed with status code 401","response":{"error":"expired_token","error_description":"The access token provided has expired."},"status":401}
2025-08-22 13:43:16 [ERROR]: Error creating Bitrix24 lead | {"error":"Bitrix24 API call failed: Request failed with status code 401","submissionId":"test_1755844996167"}
